<?xml version="1.0" encoding="UTF-8"?>
<!-- Generated by org.testng.reporters.JUnitReportReporter -->
<testsuite skipped="0" hostname="ip-172-31-7-76" name="com.ecom.tests.SeleniumTestNgJenkins.ApplicationTest" tests="1" failures="0" timestamp="2020-11-29T15:09:10 UTC" time="2.553" errors="0">
  <testcase name="testEasy" time="2.553" classname="com.ecom.tests.SeleniumTestNgJenkins.ApplicationTest"/>
  <system-out/>
</testsuite> <!-- com.ecom.tests.SeleniumTestNgJenkins.ApplicationTest -->
